#
# A fatal error has been detected by the Java Runtime Environment:
#
#  EXCEPTION_ACCESS_VIOLATION (0xc0000005) at pc=0x0000024f9f311066, pid=14108, tid=0x0000000000003908
#
# JRE version: OpenJDK Runtime Environment (8.0_412-b08) (build 1.8.0_412-b08)
# Java VM: OpenJDK 64-Bit Server VM (25.412-b08 mixed mode windows-amd64 compressed oops)
# Problematic frame:
# C  [OpenAL64.dll+0x11066]
#
# Failed to write core dump. Minidumps are not enabled by default on client versions of Windows
#
# If you would like to submit a bug report, please visit:
#   https://github.com/adoptium/adoptium-support/issues
# The crash happened outside the Java Virtual Machine in native code.
# See problematic frame for where to report the bug.
#

---------------  T H R E A D  ---------------

Current thread (0x0000024ffdb1e000):  JavaThread "main" [_thread_in_native, id=14600, stack(0x0000005f3d200000,0x0000005f3d300000)]

siginfo: ExceptionCode=0xc0000005, reading address 0x0000024f9d988004

Registers:
RAX=0x0000000000000004, RBX=0x0000024f9faf0090, RCX=0x0000024f9d988008, RDX=0x0000024f9d988004
RSP=0x0000005f3d2fbb20, RBP=0x00000000000000ff, RSI=0x0000024f9d987fbc, RDI=0x0000000000000000
R8 =0x0000000000000012, R9 =0x0000024f9d987fbc, R10=0x0000024f80019622, R11=0x0000000075188f10
R12=0x0000000000000001, R13=0x0000024f9f4af780, R14=0x0000005f3d2fbcc0, R15=0x0000024ffdb1e000
RIP=0x0000024f9f311066, EFLAGS=0x0000000000010202

Top of Stack: (sp=0x0000005f3d2fbb20)
0x0000005f3d2fbb20:   0000000000000000 0000024ffdb1e000
0x0000005f3d2fbb30:   0000005f3d2fbcc0 0000024f9f4af780
0x0000005f3d2fbb40:   0000024f9f4af780 0000000000000000
0x0000005f3d2fbb50:   0000024ffdb1e000 0000000000000000
0x0000005f3d2fbb60:   0000005f3d2fbc88 000000007501f14b
0x0000005f3d2fbb70:   0000005f3d2fbba0 0000024f8005a2d3
0x0000005f3d2fbb80:   0000024ffdb1d950 0000024ffdb1e940
0x0000005f3d2fbb90:   0000024ffdb1e000 0000005f3d2fbcc0
0x0000005f3d2fbba0:   0000024f9f4af780 0000000000000000
0x0000005f3d2fbbb0:   0000024f9d987fbc 0000000000000248
0x0000005f3d2fbbc0:   0000005f3d2fbc88 0000024f9f31248f
0x0000005f3d2fbbd0:   0000024f9faf0090 0000024f9faf0090
0x0000005f3d2fbbe0:   0000024f0000ac44 0000024f00000004
0x0000005f3d2fbbf0:   0000024f80007bd0 0000024f8001964e
0x0000005f3d2fbc00:   0000024f9f4af780 0000000000000248
0x0000005f3d2fbc10:   0000024f80007bd0 0000024f8001935b 

Instructions: (pc=0x0000024f9f311066)
0x0000024f9f311046:   41 2b ec 81 3a 03 00 02 00 75 09 8b 01 89 84 24
0x0000024f9f311056:   c8 00 00 00 49 83 c0 02 48 83 c1 08 4a 8d 14 86
0x0000024f9f311066:   39 3a 75 af 4c 8d 84 24 c0 00 00 00 48 8d 15 d7
0x0000024f9f311076:   2b 03 00 33 c9 e8 58 5f 00 00 b8 40 1f 00 00 4c 


Register to memory mapping:

RAX=0x0000000000000004 is an unknown value
RBX=0x0000024f9faf0090 is an unknown value
RCX=0x0000024f9d988008 is an unknown value
RDX=0x0000024f9d988004 is an unknown value
RSP=0x0000005f3d2fbb20 is pointing into the stack for thread: 0x0000024ffdb1e000
RBP=0x00000000000000ff is an unknown value
RSI=0x0000024f9d987fbc is an unknown value
RDI=0x0000000000000000 is an unknown value
R8 =0x0000000000000012 is an unknown value
R9 =0x0000024f9d987fbc is an unknown value
R10=0x0000024f80019622 is at code_begin+962 in an Interpreter codelet
method entry point (kind = native)  [0x0000024f80019260, 0x0000024f80019d00]  2720 bytes
R11=0x0000000075188f10 is an unknown value
R12=0x0000000000000001 is an unknown value
R13={method} {0x0000024f9f4af788} 'nalcCreateContext' '(JJ)J' in 'org/lwjgl/openal/ALC10'
R14=0x0000005f3d2fbcc0 is pointing into the stack for thread: 0x0000024ffdb1e000
R15=0x0000024ffdb1e000 is a thread


Stack: [0x0000005f3d200000,0x0000005f3d300000],  sp=0x0000005f3d2fbb20,  free space=1006k
Native frames: (J=compiled Java code, j=interpreted, Vv=VM code, C=native code)
C  [OpenAL64.dll+0x11066]
C  [OpenAL64.dll+0x1248f]
C  0x0000024f8001964e

Java frames: (J=compiled Java code, j=interpreted, Vv=VM code)
j  org.lwjgl.openal.ALC10.nalcCreateContext(JJ)J+0
j  org.lwjgl.openal.ALC10.alcCreateContext(Lorg/lwjgl/openal/ALCdevice;Ljava/nio/IntBuffer;)Lorg/lwjgl/openal/ALCcontext;+8
j  org.lwjgl.openal.AL.init(Ljava/lang/String;IIZZ)V+69
j  org.lwjgl.openal.AL.create(Ljava/lang/String;IIZZ)V+246
j  org.lwjgl.openal.AL.create(Ljava/lang/String;IIZ)V+5
j  org.lwjgl.openal.AL.create()V+6
j  com.badlogic.gdx.backends.lwjgl.audio.OpenALAudio.<init>(III)V+114
j  com.badlogic.gdx.backends.lwjgl.LwjglApplication.<init>(Lcom/badlogic/gdx/ApplicationListener;Lcom/badlogic/gdx/backends/lwjgl/LwjglApplicationConfiguration;Lcom/badlogic/gdx/backends/lwjgl/LwjglGraphics;)V+120
j  com.badlogic.gdx.backends.lwjgl.LwjglApplication.<init>(Lcom/badlogic/gdx/ApplicationListener;Lcom/badlogic/gdx/backends/lwjgl/LwjglApplicationConfiguration;)V+11
j  org.uqbar.project.wollok.game.gameboard.WollokGDXApplication.<init>(Lorg/uqbar/project/wollok/game/gameboard/Gameboard;Ljava/lang/Boolean;)V+17
j  org.uqbar.project.wollok.game.helpers.Application.start(Lorg/uqbar/project/wollok/game/gameboard/Gameboard;Ljava/lang/Boolean;)V+5
j  org.uqbar.project.wollok.game.gameboard.Gameboard.start(Ljava/lang/Boolean;)V+13
j  wollok.game.GameObject.doStart(Ljava/lang/Boolean;)V+12
v  ~StubRoutines::call_stub
J 3301  sun.reflect.NativeMethodAccessorImpl.invoke0(Ljava/lang/reflect/Method;Ljava/lang/Object;[Ljava/lang/Object;)Ljava/lang/Object; (0 bytes) @ 0x0000024f80a5a7bf [0x0000024f80a5a740+0x7f]
J 3300 C1 sun.reflect.NativeMethodAccessorImpl.invoke(Ljava/lang/Object;[Ljava/lang/Object;)Ljava/lang/Object; (104 bytes) @ 0x0000024f80a5ccbc [0x0000024f80a5bac0+0x11fc]
J 2713 C1 sun.reflect.DelegatingMethodAccessorImpl.invoke(Ljava/lang/Object;[Ljava/lang/Object;)Ljava/lang/Object; (10 bytes) @ 0x0000024f808b3acc [0x0000024f808b39c0+0x10c]
J 2712 C1 java.lang.reflect.Method.invoke(Ljava/lang/Object;[Ljava/lang/Object;)Ljava/lang/Object; (62 bytes) @ 0x0000024f808b04b4 [0x0000024f808b00c0+0x3f4]
j  org.uqbar.project.wollok.ui.utils.XTendUtilExtensions.invokeConvertingArgs(Ljava/lang/reflect/Method;Ljava/lang/Object;[Ljava/lang/Object;)Lorg/uqbar/project/wollok/interpreter/core/WollokObject;+261
j  org.uqbar.project.wollok.interpreter.AbstractWollokCallable._invokeNative(Ljava/lang/Object;Ljava/lang/String;[Lorg/uqbar/project/wollok/interpreter/core/WollokObject;)Lorg/uqbar/project/wollok/interpreter/core/WollokObject;+41
j  org.uqbar.project.wollok.interpreter.AbstractWollokCallable.invokeNative(Ljava/lang/Object;Ljava/lang/String;[Lorg/uqbar/project/wollok/interpreter/core/WollokObject;)Lorg/uqbar/project/wollok/interpreter/core/WollokObject;+26
J 3532 C1 org.uqbar.project.wollok.interpreter.AbstractWollokCallable$1.apply()Lorg/uqbar/project/wollok/interpreter/core/WollokObject; (145 bytes) @ 0x0000024f80b5df6c [0x0000024f80b5d900+0x66c]
J 3531 C1 org.uqbar.project.wollok.interpreter.AbstractWollokCallable$1.apply()Ljava/lang/Object; (5 bytes) @ 0x0000024f80b5c4cc [0x0000024f80b5c440+0x8c]
J 3478 C1 org.uqbar.project.wollok.interpreter.threads.WThread.performOnStack(Lorg/eclipse/emf/ecore/EObject;Lorg/uqbar/project/wollok/interpreter/context/EvaluationContext;Lorg/eclipse/xtext/xbase/lib/Functions$Function0;)Lorg/uqbar/project/wollok/interpreter/core/WollokObject; (157 bytes) @ 0x0000024f80b2dec4 [0x0000024f80b2db80+0x344]
J 3527 C1 org.uqbar.project.wollok.interpreter.AbstractWollokCallable.call(Lorg/uqbar/project/wollok/wollokDsl/WMethodDeclaration;[Lorg/uqbar/project/wollok/interpreter/core/WollokObject;)Lorg/uqbar/project/wollok/interpreter/core/WollokObject; (46 bytes) @ 0x0000024f80b5943c [0x0000024f80b58720+0xd1c]
j  org.uqbar.project.wollok.interpreter.core.WollokObject.call(Ljava/lang/String;[Lorg/uqbar/project/wollok/interpreter/core/WollokObject;)Lorg/uqbar/project/wollok/interpreter/core/WollokObject;+55
J 3474 C1 org.uqbar.project.wollok.interpreter.WollokInterpreterEvaluator._evaluate(Lorg/uqbar/project/wollok/wollokDsl/WFeatureCall;)Lorg/uqbar/project/wollok/interpreter/core/WollokObject; (125 bytes) @ 0x0000024f80b1c734 [0x0000024f80b1b580+0x11b4]
J 3319 C1 org.uqbar.project.wollok.launch.WollokLauncherInterpreterEvaluator.evaluate(Lorg/eclipse/emf/ecore/EObject;)Lorg/uqbar/project/wollok/interpreter/core/WollokObject; (502 bytes) @ 0x0000024f80a79c4c [0x0000024f80a75a60+0x41ec]
J 3338 C1 org.uqbar.project.wollok.interpreter.WollokInterpreter.eval(Lorg/eclipse/emf/ecore/EObject;)Lorg/uqbar/project/wollok/interpreter/core/WollokObject; (190 bytes) @ 0x0000024f80a96bec [0x0000024f80a961c0+0xa2c]
J 3281 C1 org.uqbar.project.wollok.interpreter.WollokInterpreterEvaluator.eval(Lorg/eclipse/emf/ecore/EObject;)Lorg/uqbar/project/wollok/interpreter/core/WollokObject; (9 bytes) @ 0x0000024f80a4e214 [0x0000024f80a4e180+0x94]
j  org.uqbar.project.wollok.interpreter.WollokInterpreterEvaluator$1.apply(Lorg/uqbar/project/wollok/interpreter/core/WollokObject;Lorg/eclipse/emf/ecore/EObject;)Lorg/uqbar/project/wollok/interpreter/core/WollokObject;+5
j  org.uqbar.project.wollok.interpreter.WollokInterpreterEvaluator$1.apply(Ljava/lang/Object;Ljava/lang/Object;)Ljava/lang/Object;+9
J 3293 C1 org.eclipse.xtext.xbase.lib.IterableExtensions.fold(Ljava/lang/Iterable;Ljava/lang/Object;Lorg/eclipse/xtext/xbase/lib/Functions$Function2;)Ljava/lang/Object; (12 bytes) @ 0x0000024f80a5642c [0x0000024f80a56180+0x2ac]
j  org.uqbar.project.wollok.interpreter.WollokInterpreterEvaluator.evalAll(Ljava/lang/Iterable;)Lorg/uqbar/project/wollok/interpreter/core/WollokObject;+12
j  org.uqbar.project.wollok.interpreter.WollokInterpreterEvaluator._evaluate(Lorg/uqbar/project/wollok/wollokDsl/WBlockExpression;)Lorg/uqbar/project/wollok/interpreter/core/WollokObject;+34
J 3319 C1 org.uqbar.project.wollok.launch.WollokLauncherInterpreterEvaluator.evaluate(Lorg/eclipse/emf/ecore/EObject;)Lorg/uqbar/project/wollok/interpreter/core/WollokObject; (502 bytes) @ 0x0000024f80a7d26c [0x0000024f80a75a60+0x780c]
J 3338 C1 org.uqbar.project.wollok.interpreter.WollokInterpreter.eval(Lorg/eclipse/emf/ecore/EObject;)Lorg/uqbar/project/wollok/interpreter/core/WollokObject; (190 bytes) @ 0x0000024f80a96bec [0x0000024f80a961c0+0xa2c]
J 3532 C1 org.uqbar.project.wollok.interpreter.AbstractWollokCallable$1.apply()Lorg/uqbar/project/wollok/interpreter/core/WollokObject; (145 bytes) @ 0x0000024f80b5e2c4 [0x0000024f80b5d900+0x9c4]
J 3531 C1 org.uqbar.project.wollok.interpreter.AbstractWollokCallable$1.apply()Ljava/lang/Object; (5 bytes) @ 0x0000024f80b5c4cc [0x0000024f80b5c440+0x8c]
J 3478 C1 org.uqbar.project.wollok.interpreter.threads.WThread.performOnStack(Lorg/eclipse/emf/ecore/EObject;Lorg/uqbar/project/wollok/interpreter/context/EvaluationContext;Lorg/eclipse/xtext/xbase/lib/Functions$Function0;)Lorg/uqbar/project/wollok/interpreter/core/WollokObject; (157 bytes) @ 0x0000024f80b2dec4 [0x0000024f80b2db80+0x344]
J 3527 C1 org.uqbar.project.wollok.interpreter.AbstractWollokCallable.call(Lorg/uqbar/project/wollok/wollokDsl/WMethodDeclaration;[Lorg/uqbar/project/wollok/interpreter/core/WollokObject;)Lorg/uqbar/project/wollok/interpreter/core/WollokObject; (46 bytes) @ 0x0000024f80b5943c [0x0000024f80b58720+0xd1c]
j  org.uqbar.project.wollok.interpreter.core.WollokObject.call(Ljava/lang/String;[Lorg/uqbar/project/wollok/interpreter/core/WollokObject;)Lorg/uqbar/project/wollok/interpreter/core/WollokObject;+55
J 3474 C1 org.uqbar.project.wollok.interpreter.WollokInterpreterEvaluator._evaluate(Lorg/uqbar/project/wollok/wollokDsl/WFeatureCall;)Lorg/uqbar/project/wollok/interpreter/core/WollokObject; (125 bytes) @ 0x0000024f80b1c734 [0x0000024f80b1b580+0x11b4]
J 3319 C1 org.uqbar.project.wollok.launch.WollokLauncherInterpreterEvaluator.evaluate(Lorg/eclipse/emf/ecore/EObject;)Lorg/uqbar/project/wollok/interpreter/core/WollokObject; (502 bytes) @ 0x0000024f80a79c4c [0x0000024f80a75a60+0x41ec]
J 3338 C1 org.uqbar.project.wollok.interpreter.WollokInterpreter.eval(Lorg/eclipse/emf/ecore/EObject;)Lorg/uqbar/project/wollok/interpreter/core/WollokObject; (190 bytes) @ 0x0000024f80a96bec [0x0000024f80a961c0+0xa2c]
J 3281 C1 org.uqbar.project.wollok.interpreter.WollokInterpreterEvaluator.eval(Lorg/eclipse/emf/ecore/EObject;)Lorg/uqbar/project/wollok/interpreter/core/WollokObject; (9 bytes) @ 0x0000024f80a4e214 [0x0000024f80a4e180+0x94]
j  org.uqbar.project.wollok.interpreter.WollokInterpreterEvaluator$1.apply(Lorg/uqbar/project/wollok/interpreter/core/WollokObject;Lorg/eclipse/emf/ecore/EObject;)Lorg/uqbar/project/wollok/interpreter/core/WollokObject;+5
j  org.uqbar.project.wollok.interpreter.WollokInterpreterEvaluator$1.apply(Ljava/lang/Object;Ljava/lang/Object;)Ljava/lang/Object;+9
j  org.eclipse.xtext.xbase.lib.IteratorExtensions.fold(Ljava/util/Iterator;Ljava/lang/Object;Lorg/eclipse/xtext/xbase/lib/Functions$Function2;)Ljava/lang/Object;+19
j  org.eclipse.xtext.xbase.lib.IterableExtensions.fold(Ljava/lang/Iterable;Ljava/lang/Object;Lorg/eclipse/xtext/xbase/lib/Functions$Function2;)Ljava/lang/Object;+8
j  org.uqbar.project.wollok.interpreter.WollokInterpreterEvaluator.evalAll(Ljava/lang/Iterable;)Lorg/uqbar/project/wollok/interpreter/core/WollokObject;+12
j  org.uqbar.project.wollok.interpreter.WollokInterpreterEvaluator._evaluate(Lorg/uqbar/project/wollok/wollokDsl/WBlockExpression;)Lorg/uqbar/project/wollok/interpreter/core/WollokObject;+34
j  org.uqbar.project.wollok.launch.WollokLauncherInterpreterEvaluator.evaluate(Lorg/eclipse/emf/ecore/EObject;)Lorg/uqbar/project/wollok/interpreter/core/WollokObject;+76
j  org.uqbar.project.wollok.interpreter.WollokInterpreterEvaluator.evaluate(Lorg/eclipse/emf/ecore/EObject;)Ljava/lang/Object;+2
j  org.uqbar.project.wollok.interpreter.WollokInterpreter.eval(Lorg/eclipse/emf/ecore/EObject;)Lorg/uqbar/project/wollok/interpreter/core/WollokObject;+63
j  org.uqbar.project.wollok.interpreter.AbstractWollokCallable.eval(Lorg/eclipse/emf/ecore/EObject;)Lorg/uqbar/project/wollok/interpreter/core/WollokObject;+5
j  org.uqbar.project.wollok.interpreter.AbstractWollokCallable$1.apply()Lorg/uqbar/project/wollok/interpreter/core/WollokObject;+110
j  org.uqbar.project.wollok.interpreter.AbstractWollokCallable$1.apply()Ljava/lang/Object;+1
j  org.uqbar.project.wollok.interpreter.threads.WThread.performOnStack(Lorg/eclipse/emf/ecore/EObject;Lorg/uqbar/project/wollok/interpreter/context/EvaluationContext;Lorg/eclipse/xtext/xbase/lib/Functions$Function0;)Lorg/uqbar/project/wollok/interpreter/core/WollokObject;+29
j  org.uqbar.project.wollok.interpreter.WollokInterpreter.performOnStack(Lorg/eclipse/emf/ecore/EObject;Lorg/uqbar/project/wollok/interpreter/context/EvaluationContext;Lorg/eclipse/xtext/xbase/lib/Functions$Function0;)Lorg/uqbar/project/wollok/interpreter/core/WollokObject;+7
j  org.uqbar.project.wollok.interpreter.AbstractWollokCallable.call(Lorg/uqbar/project/wollok/wollokDsl/WMethodDeclaration;[Lorg/uqbar/project/wollok/interpreter/core/WollokObject;)Lorg/uqbar/project/wollok/interpreter/core/WollokObject;+38
j  org.uqbar.project.wollok.interpreter.core.WollokObject.call(Ljava/lang/String;[Lorg/uqbar/project/wollok/interpreter/core/WollokObject;)Lorg/uqbar/project/wollok/interpreter/core/WollokObject;+55
j  org.uqbar.project.wollok.interpreter.WollokInterpreterEvaluator._evaluate(Lorg/uqbar/project/wollok/wollokDsl/WFeatureCall;)Lorg/uqbar/project/wollok/interpreter/core/WollokObject;+119
j  org.uqbar.project.wollok.launch.WollokLauncherInterpreterEvaluator.evaluate(Lorg/eclipse/emf/ecore/EObject;)Lorg/uqbar/project/wollok/interpreter/core/WollokObject;+412
j  org.uqbar.project.wollok.interpreter.WollokInterpreterEvaluator.evaluate(Lorg/eclipse/emf/ecore/EObject;)Ljava/lang/Object;+2
j  org.uqbar.project.wollok.interpreter.WollokInterpreter.eval(Lorg/eclipse/emf/ecore/EObject;)Lorg/uqbar/project/wollok/interpreter/core/WollokObject;+63
j  org.uqbar.project.wollok.interpreter.WollokInterpreterEvaluator.eval(Lorg/eclipse/emf/ecore/EObject;)Lorg/uqbar/project/wollok/interpreter/core/WollokObject;+5
j  org.uqbar.project.wollok.interpreter.WollokInterpreterEvaluator$1.apply(Lorg/uqbar/project/wollok/interpreter/core/WollokObject;Lorg/eclipse/emf/ecore/EObject;)Lorg/uqbar/project/wollok/interpreter/core/WollokObject;+5
j  org.uqbar.project.wollok.interpreter.WollokInterpreterEvaluator$1.apply(Ljava/lang/Object;Ljava/lang/Object;)Ljava/lang/Object;+9
j  org.eclipse.xtext.xbase.lib.IteratorExtensions.fold(Ljava/util/Iterator;Ljava/lang/Object;Lorg/eclipse/xtext/xbase/lib/Functions$Function2;)Ljava/lang/Object;+19
j  org.eclipse.xtext.xbase.lib.IterableExtensions.fold(Ljava/lang/Iterable;Ljava/lang/Object;Lorg/eclipse/xtext/xbase/lib/Functions$Function2;)Ljava/lang/Object;+8
j  org.uqbar.project.wollok.interpreter.WollokInterpreterEvaluator.evalAll(Ljava/lang/Iterable;)Lorg/uqbar/project/wollok/interpreter/core/WollokObject;+12
j  org.uqbar.project.wollok.interpreter.WollokInterpreterEvaluator._evaluate(Lorg/uqbar/project/wollok/wollokDsl/WProgram;)Lorg/uqbar/project/wollok/interpreter/core/WollokObject;+18
j  org.uqbar.project.wollok.launch.WollokLauncherInterpreterEvaluator.evaluate(Lorg/eclipse/emf/ecore/EObject;)Lorg/uqbar/project/wollok/interpreter/core/WollokObject;+444
j  org.uqbar.project.wollok.interpreter.WollokInterpreterEvaluator.evaluate(Lorg/eclipse/emf/ecore/EObject;)Ljava/lang/Object;+2
j  org.uqbar.project.wollok.interpreter.WollokInterpreter.eval(Lorg/eclipse/emf/ecore/EObject;)Lorg/uqbar/project/wollok/interpreter/core/WollokObject;+63
j  org.uqbar.project.wollok.interpreter.WollokInterpreterEvaluator.eval(Lorg/eclipse/emf/ecore/EObject;)Lorg/uqbar/project/wollok/interpreter/core/WollokObject;+5
j  org.uqbar.project.wollok.launch.WollokLauncherInterpreterEvaluator._evaluate(Lorg/uqbar/project/wollok/wollokDsl/WFile;)Lorg/uqbar/project/wollok/interpreter/core/WollokObject;+32
j  org.uqbar.project.wollok.launch.WollokLauncherInterpreterEvaluator.evaluate(Lorg/eclipse/emf/ecore/EObject;)Lorg/uqbar/project/wollok/interpreter/core/WollokObject;+428
j  org.uqbar.project.wollok.interpreter.WollokInterpreterEvaluator.evaluate(Lorg/eclipse/emf/ecore/EObject;)Ljava/lang/Object;+2
j  org.uqbar.project.wollok.interpreter.WollokInterpreter.interpret(Lorg/eclipse/emf/ecore/EObject;Ljava/lang/Boolean;)Lorg/uqbar/project/wollok/interpreter/core/WollokObject;+25
j  org.uqbar.project.wollok.interpreter.WollokInterpreter.interpret(Lorg/eclipse/emf/ecore/EObject;)Lorg/uqbar/project/wollok/interpreter/core/WollokObject;+8
j  org.uqbar.project.wollok.launch.WollokLauncher.doSomething(Lorg/uqbar/project/wollok/wollokDsl/WFile;Lcom/google/inject/Injector;Ljava/io/File;Lorg/uqbar/project/wollok/launch/WollokLauncherParameters;)V+109
j  org.uqbar.project.wollok.launch.WollokChecker.launch(Ljava/lang/String;Lorg/uqbar/project/wollok/launch/WollokLauncherParameters;)V+31
j  org.uqbar.project.wollok.launch.WollokChecker.doMain([Ljava/lang/String;)V+205
j  org.uqbar.project.wollok.launch.WollokLauncher.main([Ljava/lang/String;)V+8
v  ~StubRoutines::call_stub

---------------  P R O C E S S  ---------------

Java Threads: ( => current thread )
  0x0000024f9b9d2800 JavaThread "com.google.inject.internal.util.$Finalizer" daemon [_thread_blocked, id=15108, stack(0x0000005f3e900000,0x0000005f3ea00000)]
  0x0000024f9b76c800 JavaThread "EMF Reference Cleaner" daemon [_thread_blocked, id=6216, stack(0x0000005f3e800000,0x0000005f3e900000)]
  0x0000024f9ac31800 JavaThread "Service Thread" daemon [_thread_blocked, id=13992, stack(0x0000005f3e600000,0x0000005f3e700000)]
  0x0000024f9872e000 JavaThread "C1 CompilerThread3" daemon [_thread_blocked, id=8548, stack(0x0000005f3e500000,0x0000005f3e600000)]
  0x0000024f98723000 JavaThread "C2 CompilerThread2" daemon [_thread_blocked, id=7048, stack(0x0000005f3e400000,0x0000005f3e500000)]
  0x0000024f98722800 JavaThread "C2 CompilerThread1" daemon [_thread_blocked, id=7192, stack(0x0000005f3e300000,0x0000005f3e400000)]
  0x0000024f98720800 JavaThread "C2 CompilerThread0" daemon [_thread_blocked, id=14980, stack(0x0000005f3e200000,0x0000005f3e300000)]
  0x0000024f98718800 JavaThread "Attach Listener" daemon [_thread_blocked, id=4532, stack(0x0000005f3e100000,0x0000005f3e200000)]
  0x0000024f98717800 JavaThread "Signal Dispatcher" daemon [_thread_blocked, id=15516, stack(0x0000005f3e000000,0x0000005f3e100000)]
  0x0000024f986eb800 JavaThread "Finalizer" daemon [_thread_blocked, id=2624, stack(0x0000005f3df00000,0x0000005f3e000000)]
  0x0000024f986e4000 JavaThread "Reference Handler" daemon [_thread_blocked, id=14864, stack(0x0000005f3de00000,0x0000005f3df00000)]
=>0x0000024ffdb1e000 JavaThread "main" [_thread_in_native, id=14600, stack(0x0000005f3d200000,0x0000005f3d300000)]

Other Threads:
  0x0000024f986bb000 VMThread [stack: 0x0000005f3dd00000,0x0000005f3de00000] [id=9856]
  0x0000024f9ac33800 WatcherThread [stack: 0x0000005f3e700000,0x0000005f3e800000] [id=6372]

VM state:not at safepoint (normal execution)

VM Mutex/Monitor currently owned by a thread: None

heap address: 0x00000006c2000000, size: 4064 MB, Compressed Oops mode: Zero based, Oop shift amount: 3
Narrow klass base: 0x0000000000000000, Narrow klass shift: 3
Compressed class space size: 1073741824 Address: 0x00000007c0000000

Heap:
 PSYoungGen      total 75776K, used 39231K [0x000000076b580000, 0x0000000774980000, 0x00000007c0000000)
  eden space 65024K, 60% used [0x000000076b580000,0x000000076dbcfc70,0x000000076f500000)
  from space 10752K, 0% used [0x000000076f500000,0x000000076f500000,0x000000076ff80000)
  to   space 10752K, 0% used [0x0000000773f00000,0x0000000773f00000,0x0000000774980000)
 ParOldGen       total 130560K, used 17835K [0x00000006c2000000, 0x00000006c9f80000, 0x000000076b580000)
  object space 130560K, 13% used [0x00000006c2000000,0x00000006c316ace0,0x00000006c9f80000)
 Metaspace       used 22110K, capacity 22442K, committed 22656K, reserved 1069056K
  class space    used 2762K, capacity 2869K, committed 2944K, reserved 1048576K

Card table byte_map: [0x0000024fff7a0000,0x0000024ffffa0000] byte_map_base: 0x0000024ffc190000

Marking Bits: (ParMarkBitMap*) 0x0000000075760830
 Begin Bits: [0x0000024f8f550000, 0x0000024f934d0000)
 End Bits:   [0x0000024f934d0000, 0x0000024f97450000)

Polling page: 0x0000024ffda70000

CodeCache: size=245760Kb used=11984Kb max_used=11987Kb free=233775Kb
 bounds [0x0000024f80000000, 0x0000024f80bd0000, 0x0000024f8f000000]
 total_blobs=4107 nmethods=3654 adapters=365
 compilation: enabled

Compilation events (10 events):
Event: 1.979 Thread 0x0000024f98723000 3651       4       java.util.WeakHashMap::put (162 bytes)
Event: 1.981 Thread 0x0000024f98723000 nmethod 3651 0x0000024f80bbfd50 code [0x0000024f80bbfec0, 0x0000024f80bc0258]
Event: 1.984 Thread 0x0000024f9872e000 3652       3       java.nio.DirectByteBuffer::put (18 bytes)
Event: 1.984 Thread 0x0000024f9872e000 nmethod 3652 0x0000024f80bbf490 code [0x0000024f80bbf600, 0x0000024f80bbf878]
Event: 1.984 Thread 0x0000024f9872e000 3653       3       java.nio.DirectByteBuffer::ix (10 bytes)
Event: 1.984 Thread 0x0000024f9872e000 nmethod 3653 0x0000024f80bbf150 code [0x0000024f80bbf2a0, 0x0000024f80bbf3f8]
Event: 1.985 Thread 0x0000024f9872e000 3655       3       java.nio.DirectByteBuffer::put (18 bytes)
Event: 1.985 Thread 0x0000024f9872e000 nmethod 3655 0x0000024f80bbec50 code [0x0000024f80bbedc0, 0x0000024f80bbf038]
Event: 1.985 Thread 0x0000024f9872e000 3656       1       java.nio.DirectByteBuffer::ix (10 bytes)
Event: 1.985 Thread 0x0000024f9872e000 nmethod 3656 0x0000024f80bbe990 code [0x0000024f80bbeae0, 0x0000024f80bbebf8]

GC Heap History (8 events):
Event: 0.567 GC heap before
{Heap before GC invocations=1 (full 0):
 PSYoungGen      total 75776K, used 65024K [0x000000076b580000, 0x0000000770a00000, 0x00000007c0000000)
  eden space 65024K, 100% used [0x000000076b580000,0x000000076f500000,0x000000076f500000)
  from space 10752K, 0% used [0x000000076ff80000,0x000000076ff80000,0x0000000770a00000)
  to   space 10752K, 0% used [0x000000076f500000,0x000000076f500000,0x000000076ff80000)
 ParOldGen       total 173568K, used 0K [0x00000006c2000000, 0x00000006cc980000, 0x000000076b580000)
  object space 173568K, 0% used [0x00000006c2000000,0x00000006c2000000,0x00000006cc980000)
 Metaspace       used 10029K, capacity 10200K, committed 10368K, reserved 1058816K
  class space    used 1195K, capacity 1288K, committed 1408K, reserved 1048576K
Event: 0.573 GC heap after
Heap after GC invocations=1 (full 0):
 PSYoungGen      total 75776K, used 10726K [0x000000076b580000, 0x0000000770a00000, 0x00000007c0000000)
  eden space 65024K, 0% used [0x000000076b580000,0x000000076b580000,0x000000076f500000)
  from space 10752K, 99% used [0x000000076f500000,0x000000076ff79a10,0x000000076ff80000)
  to   space 10752K, 0% used [0x000000076ff80000,0x000000076ff80000,0x0000000770a00000)
 ParOldGen       total 173568K, used 3718K [0x00000006c2000000, 0x00000006cc980000, 0x000000076b580000)
  object space 173568K, 2% used [0x00000006c2000000,0x00000006c23a18d0,0x00000006cc980000)
 Metaspace       used 10029K, capacity 10200K, committed 10368K, reserved 1058816K
  class space    used 1195K, capacity 1288K, committed 1408K, reserved 1048576K
}
Event: 1.135 GC heap before
{Heap before GC invocations=2 (full 0):
 PSYoungGen      total 75776K, used 75750K [0x000000076b580000, 0x0000000770a00000, 0x00000007c0000000)
  eden space 65024K, 100% used [0x000000076b580000,0x000000076f500000,0x000000076f500000)
  from space 10752K, 99% used [0x000000076f500000,0x000000076ff79a10,0x000000076ff80000)
  to   space 10752K, 0% used [0x000000076ff80000,0x000000076ff80000,0x0000000770a00000)
 ParOldGen       total 173568K, used 3718K [0x00000006c2000000, 0x00000006cc980000, 0x000000076b580000)
  object space 173568K, 2% used [0x00000006c2000000,0x00000006c23a18d0,0x00000006cc980000)
 Metaspace       used 17330K, capacity 17530K, committed 17664K, reserved 1064960K
  class space    used 2215K, capacity 2291K, committed 2304K, reserved 1048576K
Event: 1.143 GC heap after
Heap after GC invocations=2 (full 0):
 PSYoungGen      total 75776K, used 10725K [0x000000076b580000, 0x0000000774980000, 0x00000007c0000000)
  eden space 65024K, 0% used [0x000000076b580000,0x000000076b580000,0x000000076f500000)
  from space 10752K, 99% used [0x000000076ff80000,0x00000007709f97a8,0x0000000770a00000)
  to   space 10752K, 0% used [0x000000076f500000,0x000000076f500000,0x000000076ff80000)
 ParOldGen       total 173568K, used 11712K [0x00000006c2000000, 0x00000006cc980000, 0x000000076b580000)
  object space 173568K, 6% used [0x00000006c2000000,0x00000006c2b702d8,0x00000006cc980000)
 Metaspace       used 17330K, capacity 17530K, committed 17664K, reserved 1064960K
  class space    used 2215K, capacity 2291K, committed 2304K, reserved 1048576K
}
Event: 1.648 GC heap before
{Heap before GC invocations=3 (full 0):
 PSYoungGen      total 75776K, used 54378K [0x000000076b580000, 0x0000000774980000, 0x00000007c0000000)
  eden space 65024K, 67% used [0x000000076b580000,0x000000076e021328,0x000000076f500000)
  from space 10752K, 99% used [0x000000076ff80000,0x00000007709f97a8,0x0000000770a00000)
  to   space 10752K, 0% used [0x000000076f500000,0x000000076f500000,0x000000076ff80000)
 ParOldGen       total 173568K, used 11712K [0x00000006c2000000, 0x00000006cc980000, 0x000000076b580000)
  object space 173568K, 6% used [0x00000006c2000000,0x00000006c2b702d8,0x00000006cc980000)
 Metaspace       used 20802K, capacity 21072K, committed 21248K, reserved 1067008K
  class space    used 2634K, capacity 2726K, committed 2816K, reserved 1048576K
Event: 1.655 GC heap after
Heap after GC invocations=3 (full 0):
 PSYoungGen      total 75776K, used 10736K [0x000000076b580000, 0x0000000774980000, 0x00000007c0000000)
  eden space 65024K, 0% used [0x000000076b580000,0x000000076b580000,0x000000076f500000)
  from space 10752K, 99% used [0x000000076f500000,0x000000076ff7c060,0x000000076ff80000)
  to   space 10752K, 0% used [0x0000000773f00000,0x0000000773f00000,0x0000000774980000)
 ParOldGen       total 173568K, used 17630K [0x00000006c2000000, 0x00000006cc980000, 0x000000076b580000)
  object space 173568K, 10% used [0x00000006c2000000,0x00000006c3137b88,0x00000006cc980000)
 Metaspace       used 20802K, capacity 21072K, committed 21248K, reserved 1067008K
  class space    used 2634K, capacity 2726K, committed 2816K, reserved 1048576K
}
Event: 1.655 GC heap before
{Heap before GC invocations=4 (full 1):
 PSYoungGen      total 75776K, used 10736K [0x000000076b580000, 0x0000000774980000, 0x00000007c0000000)
  eden space 65024K, 0% used [0x000000076b580000,0x000000076b580000,0x000000076f500000)
  from space 10752K, 99% used [0x000000076f500000,0x000000076ff7c060,0x000000076ff80000)
  to   space 10752K, 0% used [0x0000000773f00000,0x0000000773f00000,0x0000000774980000)
 ParOldGen       total 173568K, used 17630K [0x00000006c2000000, 0x00000006cc980000, 0x000000076b580000)
  object space 173568K, 10% used [0x00000006c2000000,0x00000006c3137b88,0x00000006cc980000)
 Metaspace       used 20802K, capacity 21072K, committed 21248K, reserved 1067008K
  class space    used 2634K, capacity 2726K, committed 2816K, reserved 1048576K
Event: 1.688 GC heap after
Heap after GC invocations=4 (full 1):
 PSYoungGen      total 75776K, used 0K [0x000000076b580000, 0x0000000774980000, 0x00000007c0000000)
  eden space 65024K, 0% used [0x000000076b580000,0x000000076b580000,0x000000076f500000)
  from space 10752K, 0% used [0x000000076f500000,0x000000076f500000,0x000000076ff80000)
  to   space 10752K, 0% used [0x0000000773f00000,0x0000000773f00000,0x0000000774980000)
 ParOldGen       total 130560K, used 17835K [0x00000006c2000000, 0x00000006c9f80000, 0x000000076b580000)
  object space 130560K, 13% used [0x00000006c2000000,0x00000006c316ace0,0x00000006c9f80000)
 Metaspace       used 20802K, capacity 21072K, committed 21248K, reserved 1067008K
  class space    used 2634K, capacity 2726K, committed 2816K, reserved 1048576K
}

Deoptimization events (10 events):
Event: 1.423 Thread 0x0000024ffdb1e000 Uncommon trap: reason=class_check action=maybe_recompile pc=0x0000024f806fea98 method=org.eclipse.xtext.nodemodel.impl.NodeModelBuilder.addChild(Lorg/eclipse/xtext/nodemodel/ICompositeNode;Lorg/eclipse/xtext/nodemodel/impl/AbstractNode;)V @ 6
Event: 1.510 Thread 0x0000024ffdb1e000 Uncommon trap: reason=unstable_if action=reinterpret pc=0x0000024f803bd198 method=java.lang.ThreadLocal$ThreadLocalMap.getEntry(Ljava/lang/ThreadLocal;)Ljava/lang/ThreadLocal$ThreadLocalMap$Entry; @ 29
Event: 1.523 Thread 0x0000024ffdb1e000 Uncommon trap: reason=unstable_if action=reinterpret pc=0x0000024f804f2bfc method=java.util.concurrent.ConcurrentHashMap.putVal(Ljava/lang/Object;Ljava/lang/Object;Z)Ljava/lang/Object; @ 181
Event: 1.526 Thread 0x0000024ffdb1e000 Uncommon trap: reason=unstable_if action=reinterpret pc=0x0000024f8020ceac method=java.lang.ThreadLocal$ThreadLocalMap.getEntry(Ljava/lang/ThreadLocal;)Ljava/lang/ThreadLocal$ThreadLocalMap$Entry; @ 29
Event: 1.827 Thread 0x0000024ffdb1e000 Uncommon trap: reason=class_check action=maybe_recompile pc=0x0000024f80afd204 method=com.google.common.collect.TransformedIterator.<init>(Ljava/util/Iterator;)V @ 9
Event: 1.828 Thread 0x0000024ffdb1e000 Uncommon trap: reason=class_check action=maybe_recompile pc=0x0000024f80afd204 method=com.google.common.collect.TransformedIterator.<init>(Ljava/util/Iterator;)V @ 9
Event: 1.828 Thread 0x0000024ffdb1e000 Uncommon trap: reason=class_check action=maybe_recompile pc=0x0000024f80afd204 method=com.google.common.collect.TransformedIterator.<init>(Ljava/util/Iterator;)V @ 9
Event: 1.828 Thread 0x0000024ffdb1e000 Uncommon trap: reason=class_check action=maybe_recompile pc=0x0000024f80afd204 method=com.google.common.collect.TransformedIterator.<init>(Ljava/util/Iterator;)V @ 9
Event: 1.921 Thread 0x0000024ffdb1e000 Uncommon trap: reason=unstable_if action=reinterpret pc=0x0000024f80363d20 method=java.io.WinNTFileSystem.normalize(Ljava/lang/String;)Ljava/lang/String; @ 49
Event: 1.932 Thread 0x0000024ffdb1e000 Uncommon trap: reason=predicate action=maybe_recompile pc=0x0000024f8045d6e4 method=java.lang.String.regionMatches(ZILjava/lang/String;II)Z @ 63

Classes redefined (0 events):
No events

Internal exceptions (10 events):
Event: 1.608 Thread 0x0000024ffdb1e000 Exception <a 'java/lang/reflect/InvocationTargetException'> (0x000000076dc009f8) thrown at [C:\workspace\openjdk-build\workspace\build\src\hotspot\src\share\vm\runtime\reflection.cpp, line 1092]
Event: 1.609 Thread 0x0000024ffdb1e000 Exception <a 'java/lang/reflect/InvocationTargetException'> (0x000000076dc198b8) thrown at [C:\workspace\openjdk-build\workspace\build\src\hotspot\src\share\vm\runtime\reflection.cpp, line 1092]
Event: 1.609 Thread 0x0000024ffdb1e000 Exception <a 'java/lang/reflect/InvocationTargetException'> (0x000000076dc327c8) thrown at [C:\workspace\openjdk-build\workspace\build\src\hotspot\src\share\vm\runtime\reflection.cpp, line 1092]
Event: 1.620 Thread 0x0000024ffdb1e000 Exception <a 'java/lang/reflect/InvocationTargetException'> (0x000000076dd11d58) thrown at [C:\workspace\openjdk-build\workspace\build\src\hotspot\src\share\vm\runtime\reflection.cpp, line 1092]
Event: 1.989 Thread 0x0000024ffdb1e000 Exception <a 'java/security/PrivilegedActionException'> (0x000000076db50a30) thrown at [C:\workspace\openjdk-build\workspace\build\src\hotspot\src\share\vm\prims\jvm.cpp, line 1514]
Event: 1.990 Thread 0x0000024ffdb1e000 Exception <a 'java/security/PrivilegedActionException'> (0x000000076db51f60) thrown at [C:\workspace\openjdk-build\workspace\build\src\hotspot\src\share\vm\prims\jvm.cpp, line 1514]
Event: 1.990 Thread 0x0000024ffdb1e000 Exception <a 'java/security/PrivilegedActionException'> (0x000000076db53390) thrown at [C:\workspace\openjdk-build\workspace\build\src\hotspot\src\share\vm\prims\jvm.cpp, line 1514]
Event: 1.990 Thread 0x0000024ffdb1e000 Exception <a 'java/security/PrivilegedActionException'> (0x000000076db54a50) thrown at [C:\workspace\openjdk-build\workspace\build\src\hotspot\src\share\vm\prims\jvm.cpp, line 1514]
Event: 1.990 Thread 0x0000024ffdb1e000 Exception <a 'java/security/PrivilegedActionException'> (0x000000076db55e48) thrown at [C:\workspace\openjdk-build\workspace\build\src\hotspot\src\share\vm\prims\jvm.cpp, line 1514]
Event: 1.990 Thread 0x0000024ffdb1e000 Exception <a 'java/security/PrivilegedActionException'> (0x000000076db57210) thrown at [C:\workspace\openjdk-build\workspace\build\src\hotspot\src\share\vm\prims\jvm.cpp, line 1514]

Events (10 events):
Event: 2.006 loading class org/lwjgl/openal/ALCdevice
Event: 2.006 loading class org/lwjgl/openal/ALCdevice done
Event: 2.006 loading class org/lwjgl/openal/ALCcontext
Event: 2.006 loading class org/lwjgl/openal/ALCcontext done
Event: 2.006 loading class java/nio/DirectIntBufferU
Event: 2.007 loading class java/nio/DirectIntBufferU done
Event: 2.007 loading class org/lwjgl/openal/Util
Event: 2.007 loading class org/lwjgl/openal/Util done
Event: 2.007 loading class org/lwjgl/openal/OpenALException
Event: 2.007 loading class org/lwjgl/openal/OpenALException done


Dynamic libraries:
0x00007ff7598b0000 - 0x00007ff759901000 	C:\Program Files\Eclipse Adoptium\jre-8.0.412.8-hotspot\bin\javaw.exe
0x00007ffed9d90000 - 0x00007ffed9f88000 	C:\WINDOWS\SYSTEM32\ntdll.dll
0x00007ffed83d0000 - 0x00007ffed848d000 	C:\WINDOWS\System32\KERNEL32.DLL
0x00007ffed7760000 - 0x00007ffed7a56000 	C:\WINDOWS\System32\KERNELBASE.dll
0x00007ffed8120000 - 0x00007ffed81d0000 	C:\WINDOWS\System32\ADVAPI32.dll
0x00007ffed9150000 - 0x00007ffed91ee000 	C:\WINDOWS\System32\msvcrt.dll
0x00007ffed85c0000 - 0x00007ffed8660000 	C:\WINDOWS\System32\sechost.dll
0x00007ffed8490000 - 0x00007ffed85b3000 	C:\WINDOWS\System32\RPCRT4.dll
0x00007ffed7730000 - 0x00007ffed7757000 	C:\WINDOWS\System32\bcrypt.dll
0x00007ffed8230000 - 0x00007ffed83cf000 	C:\WINDOWS\System32\USER32.dll
0x00007ffed7c50000 - 0x00007ffed7c72000 	C:\WINDOWS\System32\win32u.dll
0x00007ffed9c00000 - 0x00007ffed9c2b000 	C:\WINDOWS\System32\GDI32.dll
0x00007ffed7450000 - 0x00007ffed7567000 	C:\WINDOWS\System32\gdi32full.dll
0x00007ffed7690000 - 0x00007ffed772d000 	C:\WINDOWS\System32\msvcp_win.dll
0x00007ffed7cd0000 - 0x00007ffed7dd0000 	C:\WINDOWS\System32\ucrtbase.dll
0x00007ffebac20000 - 0x00007ffebaeba000 	C:\WINDOWS\WinSxS\amd64_microsoft.windows.common-controls_6595b64144ccf1df_6.0.19041.4355_none_60b8b9eb71f62e16\COMCTL32.dll
0x00007ffed9590000 - 0x00007ffed95bf000 	C:\WINDOWS\System32\IMM32.DLL
0x00007ffecd5e0000 - 0x00007ffecd5f5000 	C:\Program Files\Eclipse Adoptium\jre-8.0.412.8-hotspot\bin\vcruntime140.dll
0x00007ffebc8c0000 - 0x00007ffebc95b000 	C:\Program Files\Eclipse Adoptium\jre-8.0.412.8-hotspot\bin\msvcp140.dll
0x0000000074f80000 - 0x00000000757d9000 	C:\Program Files\Eclipse Adoptium\jre-8.0.412.8-hotspot\bin\server\jvm.dll
0x00007ffed91f0000 - 0x00007ffed91f8000 	C:\WINDOWS\System32\PSAPI.DLL
0x00007ffed0000000 - 0x00007ffed000a000 	C:\WINDOWS\SYSTEM32\VERSION.dll
0x00007ffed1ef0000 - 0x00007ffed1ef9000 	C:\WINDOWS\SYSTEM32\WSOCK32.dll
0x00007ffece560000 - 0x00007ffece587000 	C:\WINDOWS\SYSTEM32\WINMM.dll
0x00007ffed9410000 - 0x00007ffed947b000 	C:\WINDOWS\System32\WS2_32.dll
0x00007ffed52f0000 - 0x00007ffed5302000 	C:\WINDOWS\SYSTEM32\kernel.appcore.dll
0x00007ffecfff0000 - 0x00007ffed0000000 	C:\Program Files\Eclipse Adoptium\jre-8.0.412.8-hotspot\bin\verify.dll
0x00007ffec3840000 - 0x00007ffec386b000 	C:\Program Files\Eclipse Adoptium\jre-8.0.412.8-hotspot\bin\java.dll
0x00007ffec1050000 - 0x00007ffec1068000 	C:\Program Files\Eclipse Adoptium\jre-8.0.412.8-hotspot\bin\zip.dll
0x00007ffed89c0000 - 0x00007ffed912c000 	C:\WINDOWS\System32\SHELL32.dll
0x00007ffed54f0000 - 0x00007ffed5c8d000 	C:\WINDOWS\SYSTEM32\windows.storage.dll
0x00007ffed8660000 - 0x00007ffed89b3000 	C:\WINDOWS\System32\combase.dll
0x00007ffed6da0000 - 0x00007ffed6dce000 	C:\WINDOWS\SYSTEM32\Wldp.dll
0x00007ffed9200000 - 0x00007ffed92cd000 	C:\WINDOWS\System32\OLEAUT32.dll
0x00007ffed9480000 - 0x00007ffed952d000 	C:\WINDOWS\System32\SHCORE.dll
0x00007ffed9b10000 - 0x00007ffed9b65000 	C:\WINDOWS\System32\shlwapi.dll
0x00007ffed7380000 - 0x00007ffed73a4000 	C:\WINDOWS\SYSTEM32\profapi.dll
0x0000000065580000 - 0x0000000065616000 	C:\Users\Alan Foa\AppData\Local\Temp\libgdxAlan Foa\12dfaa03\gdx64.dll
0x00007ffed6cf0000 - 0x00007ffed6d08000 	C:\WINDOWS\SYSTEM32\CRYPTSP.dll
0x00007ffed6420000 - 0x00007ffed6454000 	C:\WINDOWS\system32\rsaenh.dll
0x00007ffed72f0000 - 0x00007ffed731e000 	C:\WINDOWS\SYSTEM32\USERENV.dll
0x00007ffed7bc0000 - 0x00007ffed7c42000 	C:\WINDOWS\System32\bcryptprimitives.dll
0x00007ffed6d10000 - 0x00007ffed6d1c000 	C:\WINDOWS\SYSTEM32\CRYPTBASE.dll
0x00007ffec1030000 - 0x00007ffec104c000 	C:\Program Files\Eclipse Adoptium\jre-8.0.412.8-hotspot\bin\net.dll
0x00007ffed6b00000 - 0x00007ffed6b6a000 	C:\WINDOWS\system32\mswsock.dll
0x00007ffed67e0000 - 0x00007ffed681b000 	C:\WINDOWS\SYSTEM32\IPHLPAPI.DLL
0x00007ffed9c30000 - 0x00007ffed9c38000 	C:\WINDOWS\System32\NSI.dll
0x00007ffed1fd0000 - 0x00007ffed1fe7000 	C:\WINDOWS\SYSTEM32\dhcpcsvc6.DLL
0x00007ffed2370000 - 0x00007ffed238d000 	C:\WINDOWS\SYSTEM32\dhcpcsvc.DLL
0x00007ffed6820000 - 0x00007ffed68ea000 	C:\WINDOWS\SYSTEM32\DNSAPI.dll
0x00007ffec1010000 - 0x00007ffec1023000 	C:\Program Files\Eclipse Adoptium\jre-8.0.412.8-hotspot\bin\nio.dll
0x0000000180000000 - 0x0000000180053000 	C:\Users\Alan Foa\AppData\Local\Temp\libgdxAlan Foa\dc0f0009\lwjgl64.dll
0x00007ffec1340000 - 0x00007ffec1465000 	C:\WINDOWS\SYSTEM32\OPENGL32.dll
0x00007ffec30b0000 - 0x00007ffec30dc000 	C:\WINDOWS\SYSTEM32\GLU32.dll
0x0000024f9f300000 - 0x0000024f9f364000 	C:\Users\ALANFO~1\AppData\Local\Temp\libgdxAlan Foa\dc0f0009\OpenAL64.dll
0x00007ffed92d0000 - 0x00007ffed93fb000 	C:\WINDOWS\System32\ole32.dll
0x00007ffed4e10000 - 0x00007ffed4eae000 	C:\WINDOWS\system32\uxtheme.dll
0x00007ffed9ca0000 - 0x00007ffed9d49000 	C:\WINDOWS\System32\clbcatq.dll
0x00007ffe6f680000 - 0x00007ffe6f71c000 	C:\WINDOWS\SYSTEM32\dsound.dll
0x00007ffed72a0000 - 0x00007ffed72eb000 	C:\WINDOWS\SYSTEM32\powrprof.dll
0x00007ffec52e0000 - 0x00007ffec5306000 	C:\WINDOWS\SYSTEM32\winmmbase.dll
0x00007ffed7280000 - 0x00007ffed7292000 	C:\WINDOWS\SYSTEM32\UMPDC.dll
0x00007ffed1cc0000 - 0x00007ffed1d45000 	C:\WINDOWS\System32\MMDevApi.dll
0x00007ffed7160000 - 0x00007ffed7193000 	C:\WINDOWS\System32\DEVOBJ.dll
0x00007ffed7c80000 - 0x00007ffed7cce000 	C:\WINDOWS\System32\cfgmgr32.dll
0x00007ffed1d50000 - 0x00007ffed1ed1000 	C:\WINDOWS\SYSTEM32\AUDIOSES.DLL
0x00007ffed0af0000 - 0x00007ffed0cd4000 	C:\WINDOWS\SYSTEM32\dbghelp.dll

VM Arguments:
jvm_args: -Duser.language=es_AR -Dfile.encoding=UTF-8 
java_command: org.uqbar.project.wollok.launch.WollokLauncher -requestsPort 0 -eventsPort 0 -folder -dontValidate -wf src/juego.wpgm
java_class_path (initial): C:\Users\Alan Foa\git\TPGameIntegrador-pixelados\bin;C:\Users\Alan Foa\Downloads\wollok-win32.win32.x86_64\plugins\com.ibm.icu_64.2.0.v20190507-1337.jar;C:\Users\Alan Foa\Downloads\wollok-win32.win32.x86_64\plugins\org.eclipse.xtext_2.20.0.v20191202-0915.jar;C:\Users\Alan Foa\Downloads\wollok-win32.win32.x86_64\plugins\org.eclipse.emf.ecore.xmi_2.16.0.v20190528-0725.jar;C:\Users\Alan Foa\Downloads\wollok-win32.win32.x86_64\plugins\org.eclipse.emf.ecore_2.20.0.v20190920-0401.jar;C:\Users\Alan Foa\Downloads\wollok-win32.win32.x86_64\plugins\org.eclipse.emf.common_2.17.0.v20190920-0401.jar;C:\Users\Alan Foa\Downloads\wollok-win32.win32.x86_64\plugins\org.antlr.runtime_3.2.0.v201101311130.jar;C:\Users\Alan Foa\Downloads\wollok-win32.win32.x86_64\plugins\com.google.inject_3.0.0.v201605172100.jar;C:\Users\Alan Foa\Downloads\wollok-win32.win32.x86_64\plugins\org.eclipse.emf.mwe.core_1.5.1.v20191121-1148.jar;C:\Users\Alan Foa\Downloads\wollok-win32.win32.x86_64\plugins\org.apache.commons.cli_1.2.0.v201404270220.jar;C:\Users\Alan Foa\Downloads\wollok-win32.win32.x86_64\plugins\org.eclipse.emf.mwe2.runtime_2.11.1.v20191121-1148.jar;C:\Users\Alan Foa\Downloads\wollok-win32.win32.x86_64\plugins\org.eclipse.emf.mwe.utils_1.5.1.v20191121-1148.jar;C:\Users\Alan Foa\Downloads\wollok-win32.win32.x86_64\plugins\org.eclipse.xtext.util_2.20.0.v20191202-0915.jar;C:\Users\Alan Foa\Downloads\wollok-win32.win32.x86_64\plugins\com.google.guava_27.1.0.v20190517-1946.jar;C:\Users\Alan Foa\Downloads\wollok-win32.win32.x86_64\plugins\javax.inject_1.0.0.v20091030.jar;C:\Users\Alan Foa\Downloads\wollok-win32.win32.x86_64\plugins\org.eclipse.xtext.generator_2.20.0.v20191202-0933.jar;C:\Users\Alan Foa\Downloads\wollok-win32.win32.x86_64\plugins\org.eclipse.xtext.xtext.generator_2.20.0.v20191202-0915.jar;C:\Users\Alan Foa\Downloads\wollok-win32.win32.x86_64\plugins\org.eclipse.xtext.xbase.lib_2.20.0.v20191202-0907.jar;C:\Users\Alan Foa\Downloads\wollok-win32.win32.x86_64
Launcher Type: SUN_STANDARD

Environment Variables:
PATH=C:/Program Files/Eclipse Adoptium/jre-8.0.412.8-hotspot/bin/server;C:/Program Files/Eclipse Adoptium/jre-8.0.412.8-hotspot/bin;C:/Program Files/Eclipse Adoptium/jre-8.0.412.8-hotspot/lib/amd64;C:\Program Files\Eclipse Adoptium\jre-8.0.412.8-hotspot\bin;C:\Program Files (x86)\Common Files\Oracle\Java\java8path;C:\Program Files (x86)\Common Files\Oracle\Java\javapath;C:\WINDOWS\system32;C:\WINDOWS;C:\WINDOWS\System32\Wbem;C:\WINDOWS\System32\WindowsPowerShell\v1.0\;C:\WINDOWS\System32\OpenSSH\;C:\Users\Alan Foa\AppData\Local\Microsoft\WindowsApps;C:\Users\Alan Foa\AppData\Local\Programs\Microsoft VS Code\bin;C:\Users\Alan Foa\Downloads\wollok-win32.win32.x86_64;
USERNAME=Alan Foa
OS=Windows_NT
PROCESSOR_IDENTIFIER=AMD64 Family 23 Model 96 Stepping 1, AuthenticAMD



---------------  S Y S T E M  ---------------

OS: Windows 10 , 64 bit Build 19041 (10.0.19041.3636)

CPU:total 12 (initial active 12) (12 cores per cpu, 1 threads per core) family 23 model 96 stepping 1, cmov, cx8, fxsr, mmx, sse, sse2, sse3, ssse3, sse4.1, sse4.2, popcnt, avx, avx2, aes, clmul, mmxext, 3dnowpref, lzcnt, sse4a, tsc, tscinvbit, tscinv, bmi1

Memory: 4k page, physical 16642652k(9726540k free), swap 22934108k(12531044k free)

vm_info: OpenJDK 64-Bit Server VM (25.412-b08) for windows-amd64 JRE (1.8.0_412-b08), built on Apr 17 2024 02:10:30 by "jenkins" with MS VC++ 15.9 (VS2017)

time: Sat Jun 29 19:03:42 2024
timezone: Hora estándar de Argentina
elapsed time: 2.021393 seconds (0d 0h 0m 2s)

